[debug] [2025-06-12T15:02:46.952Z] ----------------------------------------------------------------------
[debug] [2025-06-12T15:02:46.954Z] Command:       C:\Program Files\nodejs\node.exe C:\Users\91637\AppData\Roaming\npm\node_modules\firebase-tools\lib\bin\firebase.js init
[debug] [2025-06-12T15:02:46.955Z] CLI Version:   14.6.0
[debug] [2025-06-12T15:02:46.955Z] Platform:      win32
[debug] [2025-06-12T15:02:46.955Z] Node Version:  v23.10.0
[debug] [2025-06-12T15:02:46.955Z] Time:          Thu Jun 12 2025 20:32:46 GMT+0530 (India Standard Time)
[debug] [2025-06-12T15:02:46.955Z] ----------------------------------------------------------------------
[debug] 
[debug] [2025-06-12T15:02:46.959Z] > command requires scopes: ["email","openid","https://www.googleapis.com/auth/cloudplatformprojects.readonly","https://www.googleapis.com/auth/firebase","https://www.googleapis.com/auth/cloud-platform"]
[debug] [2025-06-12T15:02:46.959Z] > authorizing via signed-in user (neelavathysangeetha@gmail.com)
[info] 
     ######## #### ########  ######## ########     ###     ######  ########
     ##        ##  ##     ## ##       ##     ##  ##   ##  ##       ##
     ######    ##  ########  ######   ########  #########  ######  ######
     ##        ##  ##    ##  ##       ##     ## ##     ##       ## ##
     ##       #### ##     ## ######## ########  ##     ##  ######  ########

You're about to initialize a Firebase project in this directory:

  C:\Zalooda\ZALOODA_WEBSITE

Before we get started, keep in mind:

  * You are currently outside your home directory

[info] 
=== Project Setup
[info] 
[info] First, let's associate this project directory with a Firebase project.
[info] You can create multiple project aliases by running firebase use --add, 
[info] but for now we'll just set up a default project.
[info] 
[debug] [2025-06-12T15:03:00.327Z] Checked if tokens are valid: true, expires at: 1749743903339
[debug] [2025-06-12T15:03:00.328Z] Checked if tokens are valid: true, expires at: 1749743903339
[debug] [2025-06-12T15:03:00.331Z] >>> [apiv2][query] GET https://firebase.googleapis.com/v1beta1/projects pageSize=100
[debug] [2025-06-12T15:03:01.375Z] <<< [apiv2][status] GET https://firebase.googleapis.com/v1beta1/projects 200
[debug] [2025-06-12T15:03:01.376Z] <<< [apiv2][body] GET https://firebase.googleapis.com/v1beta1/projects [omitted]
[info] i  Using project zalooda (Zalooda) 
[info] 
=== Hosting Setup
[debug] [2025-06-12T15:03:04.785Z] Checked if tokens are valid: true, expires at: 1749743903339
[debug] [2025-06-12T15:03:04.785Z] Checked if tokens are valid: true, expires at: 1749743903339
[debug] [2025-06-12T15:03:04.786Z] >>> [apiv2][query] GET https://firebase.googleapis.com/v1beta1/projects/zalooda [none]
[debug] [2025-06-12T15:03:05.459Z] <<< [apiv2][status] GET https://firebase.googleapis.com/v1beta1/projects/zalooda 200
[debug] [2025-06-12T15:03:05.459Z] <<< [apiv2][body] GET https://firebase.googleapis.com/v1beta1/projects/zalooda {"projectId":"zalooda","projectNumber":"628915668051","displayName":"Zalooda","name":"projects/zalooda","resources":{"hostingSite":"zalooda"},"state":"ACTIVE","etag":"1_33b23d06-3af2-4ea9-b552-d6493f4cf90d"}
[info] 
[info] Your public directory is the folder (relative to your project directory) that
[info] will contain Hosting assets to be uploaded with firebase deploy. If you
[info] have a build process for your assets, use your build's output directory.
[info] 
[debug] [2025-06-12T15:03:52.332Z] ExitPromptError: User force closed the prompt with SIGINT
    at Interface.sigint (C:\Users\91637\AppData\Roaming\npm\node_modules\firebase-tools\node_modules\@inquirer\core\dist\commonjs\lib\create-prompt.js:101:37)
    at Interface.emit (node:events:507:28)
    at Interface.emit (node:domain:489:12)
    at [_ttyWrite] [as _ttyWrite] (node:internal/readline/interface:1129:18)
    at ReadStream.onkeypress (node:internal/readline/interface:268:20)
    at ReadStream.emit (node:events:519:35)
    at ReadStream.emit (node:domain:489:12)
    at emitKeys (node:internal/readline/utils:370:14)
    at emitKeys.next (<anonymous>)
    at ReadStream.onData (node:internal/readline/emitKeypressEvents:64:36)
[error] 
[error] Error: An unexpected error has occurred.
